Arguments: 
  /Users/kisn/.nvm/versions/node/v16.16.0/bin/node /opt/homebrew/Cellar/yarn/1.22.17/libexec/bin/yarn.js mac

PATH: 
  /Users/kisn/Library/pnpm:/Users/kisn/.nvm/versions/node/v16.16.0/bin:/Users/kisn/.pnpm-store/bin:/Library/Frameworks/Python.framework/Versions/3.9/bin:/opt/homebrew/bin:/opt/homebrew/sbin:/usr/local/bin:/usr/bin:/bin:/usr/sbin:/sbin:/Library/Apple/usr/bin:/Users/kisn/Library/pnpm:/Users/kisn/.nvm/versions/node/v16.16.0/bin:/Users/kisn/.pnpm-store/bin:/Library/Frameworks/Python.framework/Versions/3.9/bin:/opt/homebrew/bin:/opt/homebrew/sbin:/Users/kisn/.fig/bin

Yarn version: 
  1.22.17

Node version: 
  16.16.0

Platform: 
  darwin arm64

Trace: 
  SyntaxError: /Users/kisn/Desktop/leetcode/umi/moFish/package.json: Unexpected token { in JSON at position 1771
      at JSON.parse (<anonymous>)
      at /opt/homebrew/Cellar/yarn/1.22.17/libexec/lib/cli.js:1625:59
      at Generator.next (<anonymous>)
      at step (/opt/homebrew/Cellar/yarn/1.22.17/libexec/lib/cli.js:310:30)
      at /opt/homebrew/Cellar/yarn/1.22.17/libexec/lib/cli.js:321:13

npm manifest: 
  {
    "name": "mofish",
    "version": "1.0.0",
    "private": true,
    "description": "超时",
    "author": "kaixin.yuan <szaf93671@126.com>",
    "main": "build/main.js",
    "scripts": {
      "build:umi": "max build",
      "dev": "concurrently \"cross-env UMI_ENV=pre max dev\" \"wait-on http://localhost:8000 && cross-env NODE_ENV=development electron public/main.js\"",
      "dev:umi": "max dev",
      "format": "prettier --cache --write .",
      "postinstall": "max setup",
      "lint": "max lint --fix",
      "linux": "electron-builder --linux",
      "mac": "max build && electron-builder --mac",
      "prepare": "husky install",
      "setup": "max setup",
      "start": "max build && cross-env NODE_ENV=production electron build/main.js",
      "win32": "max build && electron-builder --win --ia32",
      "win64": "max build && electron-builder --win --x64"
    },
    "dependencies": {
      "@ant-design/icons": "^4.7.0",
      "@ant-design/plots": "^1.2.5",
      "@ant-design/pro-components": "^2.0.1",
      "@umijs/max": "^4.0.52",
      "antd": "^5.0.0",
      "conf": "^11.0.1",
      "dayjs": "^1.11.7",
      "electron-store": "^7",
      "js-md5": "^0.7.3",
      "wait-on": "^7.0.1"
    },
    "devDependencies": {
      "@types/react": "^18.0.0",
      "@types/react-dom": "^18.0.0",
      "cross-env": "^7.0.3",
      "electron": "^23.0.0",
      "electron-builder": "^23.6.0",
      "husky": "^8.0.1",
      "joi": "^17.8.3",
      "lint-staged": "^13.0.3",
      "prettier": "^2.7.1",
      "prettier-plugin-organize-imports": "^2",
      "prettier-plugin-packagejson": "^2",
      "typescript": "^4.1.2"
    },
    "build": {
      "productName": "mofish",
      "appId": "mofish",
      "asar": false,
      "extraFiles": [
        {
          "from": "node_modules/electron-store/**/*",
          "to": "node_modules/electron-store"
        }   {
          "from": "node_modules/conf/**/*",
          "to": "node_modules/conf"
        }
      ],
      "files": [
        "build/**/*"
      ],
      "asarUnpack": [
        "dist/**"
      ],
      "directories": {
        "output": "dist"
      },
      "mac": {
        "artifactName": "${productName}-${version}-${os}-${arch}.${ext}",
        "icon": "public/logo/icon_round.png",
        "target": {
          "arch": [
            "x64",
            "arm64"
          ],
          "target": "dmg"
        }
      },
      "win": {
        "icon": "public/logo/icon_round.png",
        "target": [
          {
            "target": "nsis",
            "arch": [
              "x64",
              "ia32"
            ]
          }
        ]
      },
      "nsis": {
        "allowElevation": true,
        "installerIcon": "public/logo/logo.png",
        "uninstallerIcon": "public/logo/logo.png",
        "installerHeaderIcon": "public/logo/logo.png",
        "oneClick": false,
        "allowToChangeInstallationDirectory": true,
        "createDesktopShortcut": true,
        "createStartMenuShortcut": true
      }
    }
  }

yarn manifest: 
  No manifest

Lockfile: 
  No lockfile
